<?xml version="1.0" encoding="UTF-8"?>
<testng-results ignored="0" total="1" passed="1" failed="0" skipped="0">
  <reporter-output>
  </reporter-output>
  <suite started-at="2023-10-02T13:52:56 IST" name="Default suite" finished-at="2023-10-02T13:53:25 IST" duration-ms="28445">
    <groups>
    </groups>
    <test started-at="2023-10-02T13:52:56 IST" name="Default test" finished-at="2023-10-02T13:53:25 IST" duration-ms="28445">
      <class name="com.sauceDemo.TestLayer.LoginTest">
        <test-method is-config="true" signature="setup()[pri:0, instance:com.sauceDemo.TestLayer.LoginTest@35d019a3]" started-at="2023-10-02T13:52:57 IST" name="setup" finished-at="2023-10-02T13:53:24 IST" duration-ms="27231" status="PASS">
          <reporter-output>
          </reporter-output>
        </test-method> <!-- setup -->
        <test-method signature="loginTestWithValidCredential()[pri:0, instance:com.sauceDemo.TestLayer.LoginTest@35d019a3]" started-at="2023-10-02T13:53:24 IST" name="loginTestWithValidCredential" finished-at="2023-10-02T13:53:24 IST" duration-ms="494" status="PASS">
          <reporter-output>
          </reporter-output>
        </test-method> <!-- loginTestWithValidCredential -->
        <test-method is-config="true" signature="tearDown()[pri:0, instance:com.sauceDemo.TestLayer.LoginTest@35d019a3]" started-at="2023-10-02T13:53:24 IST" name="tearDown" finished-at="2023-10-02T13:53:25 IST" duration-ms="642" status="PASS">
          <reporter-output>
          </reporter-output>
        </test-method> <!-- tearDown -->
      </class> <!-- com.sauceDemo.TestLayer.LoginTest -->
    </test> <!-- Default test -->
  </suite> <!-- Default suite -->
</testng-results>
